{"/home/eljuli/code/tdd/ping-pong/src/ping.js":{"path":"/home/eljuli/code/tdd/ping-pong/src/ping.js","s":{"1":1,"2":1,"3":1,"4":1},"b":{},"f":{"1":1},"fnMap":{"1":{"name":"(anonymous_1)","line":3,"loc":{"start":{"line":3,"column":11},"end":{"line":3,"column":23}}}},"statementMap":{"1":{"start":{"line":1,"column":0},"end":{"line":1,"column":13}},"2":{"start":{"line":3,"column":0},"end":{"line":7,"column":0}},"3":{"start":{"line":4,"column":2},"end":{"line":4,"column":16}},"4":{"start":{"line":7,"column":0},"end":{"line":7,"column":22}}},"branchMap":{}}}